<?xml version="1.0" encoding="UTF-8"?>
<!-- Generated by org.testng.reporters.JUnitReportReporter -->
<testsuite hostname="JUBEAR" failures="0" tests="1" name="Contact.TestCase3" time="10.912" errors="0" timestamp="2023-10-03T12:22:28 BDT" skipped="0">
  <testcase classname="Contact.TestCase3" name="Test3" time="10.912"/>
</testsuite> <!-- Contact.TestCase3 -->
