<?xml version="1.0" encoding="UTF-8"?>
<!-- Generated by org.testng.reporters.JUnitReportReporter -->
<testsuite hostname="JUBEAR" failures="0" tests="1" name="Tutorials.TestCase2" time="12.413" errors="0" timestamp="2023-10-03T13:04:42 BDT" skipped="0">
  <testcase classname="Tutorials.TestCase2" name="Test2" time="12.413"/>
</testsuite> <!-- Tutorials.TestCase2 -->
