<?xml version="1.0" encoding="UTF-8"?>
<!-- Generated by org.testng.reporters.JUnitReportReporter -->
<testsuite hostname="JUBEAR" failures="0" tests="1" name="Download.TestCase1" time="12.815" errors="0" timestamp="2023-10-03T02:08:31 BDT" skipped="0">
  <testcase classname="Download.TestCase1" name="Test1" time="12.815"/>
</testsuite> <!-- Download.TestCase1 -->
