<?xml version="1.0" encoding="UTF-8"?>
<!-- Generated by org.testng.reporters.JUnitReportReporter -->
<testsuite hostname="JUBEAR" failures="0" tests="1" name="Contact.TestCase4" time="11.347" errors="0" timestamp="2023-10-03T12:25:42 BDT" skipped="0">
  <testcase classname="Contact.TestCase4" name="Test4" time="11.347"/>
</testsuite> <!-- Contact.TestCase4 -->
