<?xml version="1.0" encoding="UTF-8"?>
<!-- Generated by org.testng.reporters.JUnitReportReporter -->
<testsuite hostname="JUBEAR" failures="0" tests="1" name="LoginPage.TestCase4" time="13.318" errors="0" timestamp="2023-10-03T00:26:48 BDT" skipped="0">
  <testcase classname="LoginPage.TestCase4" name="Test4" time="13.318"/>
</testsuite> <!-- LoginPage.TestCase4 -->
