<?xml version="1.0" encoding="UTF-8"?>
<!-- Generated by org.testng.reporters.JUnitReportReporter -->
<testsuite hostname="JUBEAR" failures="0" tests="1" name="Tutorials.TestCase3" time="21.874" errors="0" timestamp="2023-10-03T13:15:18 BDT" skipped="0">
  <testcase classname="Tutorials.TestCase3" name="Test3" time="21.874"/>
</testsuite> <!-- Tutorials.TestCase3 -->
