<?xml version="1.0" encoding="UTF-8"?>
<!-- Generated by org.testng.reporters.JUnitReportReporter -->
<testsuite hostname="JUBEAR" failures="0" tests="1" name="Contact.TestCase1" time="12.966" errors="0" timestamp="2023-10-03T12:04:03 BDT" skipped="0">
  <testcase classname="Contact.TestCase1" name="Test1" time="12.966"/>
</testsuite> <!-- Contact.TestCase1 -->
