<?xml version="1.0" encoding="UTF-8"?>
<!-- Generated by org.testng.reporters.JUnitReportReporter -->
<testsuite hostname="JUBEAR" failures="0" tests="1" name="Tutorials.TestCase1" time="12.498" errors="0" timestamp="2023-10-03T11:58:49 BDT" skipped="0">
  <testcase classname="Tutorials.TestCase1" name="Test1" time="12.498"/>
</testsuite> <!-- Tutorials.TestCase1 -->
