<?xml version="1.0" encoding="UTF-8"?>
<!-- Generated by org.testng.reporters.JUnitReportReporter -->
<testsuite hostname="JUBEAR" failures="0" tests="1" name="Download.TestCase2" time="12.777" errors="0" timestamp="2023-10-03T02:11:54 BDT" skipped="0">
  <testcase classname="Download.TestCase2" name="Test2" time="12.777"/>
</testsuite> <!-- Download.TestCase2 -->
