<?xml version="1.0" encoding="UTF-8"?>
<!-- Generated by org.testng.reporters.JUnitReportReporter -->
<testsuite hostname="JUBEAR" failures="0" tests="1" name="Shop.TestCase2" time="6.203" errors="0" timestamp="2023-10-03T12:50:45 BDT" skipped="0">
  <testcase classname="Shop.TestCase2" name="Test2" time="6.203"/>
</testsuite> <!-- Shop.TestCase2 -->
