<?xml version="1.0" encoding="UTF-8"?>
<!-- Generated by org.testng.reporters.JUnitReportReporter -->
<testsuite hostname="JUBEAR" failures="0" tests="1" name="LoginPage.TestCase6" time="4.995" errors="0" timestamp="2023-10-03T02:15:41 BDT" skipped="0">
  <testcase classname="LoginPage.TestCase6" name="Test6" time="4.995"/>
</testsuite> <!-- LoginPage.TestCase6 -->
