<?xml version="1.0" encoding="UTF-8"?>
<!-- Generated by org.testng.reporters.JUnitReportReporter -->
<testsuite hostname="JUBEAR" failures="0" tests="1" name="Contact.TestCase2" time="8.515" errors="0" timestamp="2023-10-03T12:15:35 BDT" skipped="0">
  <testcase classname="Contact.TestCase2" name="Test2" time="8.515"/>
</testsuite> <!-- Contact.TestCase2 -->
