<?xml version="1.0" encoding="UTF-8"?>
<!-- Generated by org.testng.reporters.JUnitReportReporter -->
<testsuite hostname="JUBEAR" failures="0" tests="1" name="Contact.TestCase5" time="10.850" errors="0" timestamp="2023-10-03T12:34:33 BDT" skipped="0">
  <testcase classname="Contact.TestCase5" name="Test4" time="10.850"/>
</testsuite> <!-- Contact.TestCase5 -->
