<?xml version="1.0" encoding="UTF-8"?>
<!-- Generated by org.testng.reporters.JUnitReportReporter -->
<testsuite hostname="JUBEAR" failures="0" tests="1" name="LoginPage.TestCase3" time="13.854" errors="0" timestamp="2023-10-03T00:19:44 BDT" skipped="0">
  <testcase classname="LoginPage.TestCase3" name="Test2" time="13.854"/>
</testsuite> <!-- LoginPage.TestCase3 -->
