<?xml version="1.0" encoding="UTF-8"?>
<!-- Generated by org.testng.reporters.JUnitReportReporter -->
<testsuite hostname="JUBEAR" failures="0" tests="1" name="Test.TestCase1" time="12.499" errors="0" timestamp="2023-10-03T00:10:44 BDT" skipped="0">
  <testcase classname="Test.TestCase1" name="Test1" time="12.499"/>
</testsuite> <!-- Test.TestCase1 -->
