<?xml version="1.0" encoding="UTF-8"?>
<!-- Generated by org.testng.reporters.JUnitReportReporter -->
<testsuite hostname="JUBEAR" failures="0" tests="1" name="LoginPage.TestCase5" time="7.696" errors="0" timestamp="2023-10-03T01:29:08 BDT" skipped="0">
  <testcase classname="LoginPage.TestCase5" name="Test5" time="7.696"/>
</testsuite> <!-- LoginPage.TestCase5 -->
