<?xml version="1.0" encoding="UTF-8"?>
<!-- Generated by org.testng.reporters.JUnitReportReporter -->
<testsuite hostname="JUBEAR" failures="0" tests="1" name="Shop.TestCase1" time="4.706" errors="0" timestamp="2023-10-03T12:42:42 BDT" skipped="0">
  <testcase classname="Shop.TestCase1" name="Test1" time="4.706"/>
</testsuite> <!-- Shop.TestCase1 -->
