<?xml version="1.0" encoding="UTF-8"?>
<!-- Generated by org.testng.reporters.JUnitReportReporter -->
<testsuite hostname="JUBEAR" failures="0" tests="1" name="Test.TestCase2" time="11.023" errors="0" timestamp="2023-10-03T00:13:24 BDT" skipped="0">
  <testcase classname="Test.TestCase2" name="Test2" time="11.023"/>
</testsuite> <!-- Test.TestCase2 -->
