<?xml version="1.0" encoding="UTF-8"?>
<!-- Generated by org.testng.reporters.JUnitReportReporter -->
<testsuite hostname="JUBEAR" failures="0" tests="1" name="Shop.TestCase3" time="7.345" errors="0" timestamp="2023-10-03T12:54:21 BDT" skipped="0">
  <testcase classname="Shop.TestCase3" name="Test3" time="7.345"/>
</testsuite> <!-- Shop.TestCase3 -->
